Compiling build :dev to "resources/public/js/compiled/fermat.js" from ["src"]...
[32mSuccessfully compiled build :dev to "resources/public/js/compiled/fermat.js" in 0.487 seconds.[0m
notifying browser that file changed:  resources/public/js/compiled/out/goog/deps.js
notifying browser that file changed:  resources/public/js/compiled/out/cljs_deps.js
notifying browser that file changed:  resources/public/js/compiled/out/fermat/core.js
Compiling build :dev to "resources/public/js/compiled/fermat.js" from ["src"]...
[32mSuccessfully compiled build :dev to "resources/public/js/compiled/fermat.js" in 0.471 seconds.[0m
notifying browser that file changed:  resources/public/js/compiled/out/fermat/core.js
Compiling build :dev to "resources/public/js/compiled/fermat.js" from ["src"]...
[31mFailed to compile build :dev from ["src"] in 0.19 seconds.[0m
[36m----  Could not Analyze  src/cljs/fermat/core.cljs   line:9  column:1  ----[0m

  [1mParameter declaration "" should be a vector[0m

  [36m 7[0m  [36m    (< x 0) x[0m
  [36m 8[0m  [36m    (= x 0) 0))[0m
  [33m 9[0m  [1m(defn foo[0m
  [0m  [0m  [33m^--- Parameter declaration "" should be a vector[0m
  [36m10[0m  [36m  ())[0m

[36m----  Analysis Error : Please see src/cljs/fermat/core.cljs  ----[0m
Compiling build :dev to "resources/public/js/compiled/fermat.js" from ["src"]...
[32mSuccessfully compiled build :dev to "resources/public/js/compiled/fermat.js" in 0.445 seconds.[0m
notifying browser that file changed:  resources/public/js/compiled/out/fermat/core.js
Compiling build :dev to "resources/public/js/compiled/fermat.js" from ["src"]...
[32mSuccessfully compiled build :dev to "resources/public/js/compiled/fermat.js" in 0.398 seconds.[0m
notifying browser that file changed:  resources/public/js/compiled/out/fermat/core.js
Compiling build :dev to "resources/public/js/compiled/fermat.js" from ["src"]...
[32mSuccessfully compiled build :dev to "resources/public/js/compiled/fermat.js" in 0.433 seconds.[0m
notifying browser that file changed:  resources/public/js/compiled/out/fermat/core.js
Compiling build :dev to "resources/public/js/compiled/fermat.js" from ["src"]...
[32mSuccessfully compiled build :dev to "resources/public/js/compiled/fermat.js" in 0.415 seconds.[0m
notifying browser that file changed:  resources/public/js/compiled/out/fermat/core.js
Compiling build :dev to "resources/public/js/compiled/fermat.js" from ["src"]...
[31mFailed to compile build :dev from ["src"] in 0.221 seconds.[0m
[36m----  Could not Read  src/cljs/fermat/core.cljs   line:13 ----[0m

  [1m/home/parker/clojure-script-projects/fermat/src/cljs/fermat/core.cljs [line 13, col 1] Unexpected EOF while reading item 4 of list, starting at line 10 and column 1.[0m

[36m----  Reader Error : Please see src/cljs/fermat/core.cljs  ----[0m
Compiling build :dev to "resources/public/js/compiled/fermat.js" from ["src"]...
[32mSuccessfully compiled build :dev to "resources/public/js/compiled/fermat.js" in 0.472 seconds.[0m
notifying browser that file changed:  resources/public/js/compiled/out/fermat/core.js
Compiling build :dev to "resources/public/js/compiled/fermat.js" from ["src"]...
[32mSuccessfully compiled build :dev to "resources/public/js/compiled/fermat.js" in 0.433 seconds.[0m
notifying browser that file changed:  resources/public/js/compiled/out/fermat/core.js
Compiling build :dev to "resources/public/js/compiled/fermat.js" from ["src"]...
[32mSuccessfully compiled build :dev to "resources/public/js/compiled/fermat.js" in 0.415 seconds.[0m
notifying browser that file changed:  resources/public/js/compiled/out/fermat/core.js
Compiling build :dev to "resources/public/js/compiled/fermat.js" from ["src"]...
[36m----  Compiler Warning on   src/cljs/fermat/core.cljs   line:6  column:5  ----[0m

  [1mWrong number of args (2) passed to cljs.core/not[0m

  [36m 3[0m  [36m(defn abs[0m
  [36m 4[0m  [36m  [x][0m
  [36m 5[0m  [36m  (cond[0m
  [33m 6[0m  [1m    (not (number? x) (throw (IllegalArgumentException."abs requires a number")))[0m
  [0m  [0m  [33m    ^--- Wrong number of args (2) passed to cljs.core/not[0m
  [36m 7[0m  [36m    (< 0 x) x[0m
  [36m 8[0m  [36m    (< x 0) (- x)[0m
  [36m 9[0m  [36m    :else 0))[0m
  [36m10[0m  [36m[0m
  [36m11[0m  [36m(defn exp[0m

[36m----  Compiler Warning : Please see src/cljs/fermat/core.cljs  ----[0m
[36m----  Compiler Warning on   src/cljs/fermat/core.cljs   line:6  column:29  ----[0m

  [1mUse of undeclared Var fermat.core/IllegalArgumentException[0m

  [36m 3[0m  [36m(defn abs[0m
  [36m 4[0m  [36m  [x][0m
  [36m 5[0m  [36m  (cond[0m
  [33m 6[0m  [1m    (not (number? x) (throw (IllegalArgumentException."abs requires a number")))[0m
  [0m  [0m  [33m                            ^--- Use of undeclared Var fermat.core/IllegalArgumentException[0m
  [36m 7[0m  [36m    (< 0 x) x[0m
  [36m 8[0m  [36m    (< x 0) (- x)[0m
  [36m 9[0m  [36m    :else 0))[0m
  [36m10[0m  [36m[0m
  [36m11[0m  [36m(defn exp[0m

[36m----  Compiler Warning : Please see src/cljs/fermat/core.cljs  ----[0m
[36m----  Compiler Warning on   src/cljs/fermat/core.cljs   line:6  column:29  ----[0m

  [1mUse of undeclared Var fermat.core/IllegalArgumentException[0m

  [36m 3[0m  [36m(defn abs[0m
  [36m 4[0m  [36m  [x][0m
  [36m 5[0m  [36m  (cond[0m
  [33m 6[0m  [1m    (not (number? x) (throw (IllegalArgumentException."abs requires a number")))[0m
  [0m  [0m  [33m                            ^--- Use of undeclared Var fermat.core/IllegalArgumentException[0m
  [36m 7[0m  [36m    (< 0 x) x[0m
  [36m 8[0m  [36m    (< x 0) (- x)[0m
  [36m 9[0m  [36m    :else 0))[0m
  [36m10[0m  [36m[0m
  [36m11[0m  [36m(defn exp[0m

[36m----  Compiler Warning : Please see src/cljs/fermat/core.cljs  ----[0m
[31mFailed to compile build :dev from ["src"] in 0.249 seconds.[0m
[36m----  Could not Analyze  src/cljs/fermat/core.cljs   line:5  column:3  ----[0m

  [1mcond requires an even number of forms[0m

  [36m3[0m  [36m(defn abs[0m
  [36m4[0m  [36m  [x][0m
  [33m5[0m  [1m  (cond[0m
  [0m [0m  [33m  ^--- cond requires an even number of forms[0m
  [36m6[0m  [36m    (not (number? x) (throw (IllegalArgumentException."abs requires a number")))[0m
  [36m7[0m  [36m    (< 0 x) x[0m
  [36m8[0m  [36m    (< x 0) (- x)[0m

[36m----  Analysis Error : Please see src/cljs/fermat/core.cljs  ----[0m
Compiling build :dev to "resources/public/js/compiled/fermat.js" from ["src"]...
[32mSuccessfully compiled build :dev to "resources/public/js/compiled/fermat.js" in 0.444 seconds.[0m
notifying browser that file changed:  resources/public/js/compiled/out/fermat/core.js
Compiling build :dev to "resources/public/js/compiled/fermat.js" from ["src"]...
[32mSuccessfully compiled build :dev to "resources/public/js/compiled/fermat.js" in 0.412 seconds.[0m
notifying browser that file changed:  resources/public/js/compiled/out/fermat/core.js
Compiling build :dev to "resources/public/js/compiled/fermat.js" from ["src"]...
[32mSuccessfully compiled build :dev to "resources/public/js/compiled/fermat.js" in 0.383 seconds.[0m
notifying browser that file changed:  resources/public/js/compiled/out/fermat/core.js
Compiling build :dev to "resources/public/js/compiled/fermat.js" from ["src"]...
[32mSuccessfully compiled build :dev to "resources/public/js/compiled/fermat.js" in 0.42 seconds.[0m
notifying browser that file changed:  resources/public/js/compiled/out/fermat/core.js
Compiling build :dev to "resources/public/js/compiled/fermat.js" from ["src"]...
[32mSuccessfully compiled build :dev to "resources/public/js/compiled/fermat.js" in 0.448 seconds.[0m
notifying browser that file changed:  resources/public/js/compiled/out/fermat/core.js
Compiling build :dev to "resources/public/js/compiled/fermat.js" from ["src"]...
[32mSuccessfully compiled build :dev to "resources/public/js/compiled/fermat.js" in 0.395 seconds.[0m
notifying browser that file changed:  resources/public/js/compiled/out/fermat/core.js
Compiling build :dev to "resources/public/js/compiled/fermat.js" from ["src"]...
[32mSuccessfully compiled build :dev to "resources/public/js/compiled/fermat.js" in 0.429 seconds.[0m
notifying browser that file changed:  resources/public/js/compiled/out/fermat/core.js
Compiling build :dev to "resources/public/js/compiled/fermat.js" from ["src"]...
[32mSuccessfully compiled build :dev to "resources/public/js/compiled/fermat.js" in 0.437 seconds.[0m
notifying browser that file changed:  resources/public/js/compiled/out/fermat/core.js
Compiling build :dev to "resources/public/js/compiled/fermat.js" from ["src"]...
[32mSuccessfully compiled build :dev to "resources/public/js/compiled/fermat.js" in 0.436 seconds.[0m
notifying browser that file changed:  resources/public/js/compiled/out/goog/deps.js
notifying browser that file changed:  resources/public/js/compiled/out/cljs_deps.js
notifying browser that file changed:  resources/public/js/compiled/out/fermat/core.js
Compiling build :dev to "resources/public/js/compiled/fermat.js" from ["src"]...
[32mSuccessfully compiled build :dev to "resources/public/js/compiled/fermat.js" in 0.468 seconds.[0m
notifying browser that file changed:  resources/public/js/compiled/out/fermat/core.js
Compiling build :dev to "resources/public/js/compiled/fermat.js" from ["src"]...
[32mSuccessfully compiled build :dev to "resources/public/js/compiled/fermat.js" in 0.471 seconds.[0m
notifying browser that file changed:  resources/public/js/compiled/out/fermat/core.js
Compiling build :dev to "resources/public/js/compiled/fermat.js" from ["src"]...
[32mSuccessfully compiled build :dev to "resources/public/js/compiled/fermat.js" in 0.457 seconds.[0m
notifying browser that file changed:  resources/public/js/compiled/out/fermat/core.js
Compiling build :dev to "resources/public/js/compiled/fermat.js" from ["src"]...
[32mSuccessfully compiled build :dev to "resources/public/js/compiled/fermat.js" in 0.453 seconds.[0m
notifying browser that file changed:  resources/public/js/compiled/out/fermat/core.js
Compiling build :dev to "resources/public/js/compiled/fermat.js" from ["src"]...
[32mSuccessfully compiled build :dev to "resources/public/js/compiled/fermat.js" in 0.435 seconds.[0m
notifying browser that file changed:  resources/public/js/compiled/out/fermat/core.js
Compiling build :dev to "resources/public/js/compiled/fermat.js" from ["src"]...
[32mSuccessfully compiled build :dev to "resources/public/js/compiled/fermat.js" in 0.477 seconds.[0m
notifying browser that file changed:  resources/public/js/compiled/out/fermat/core.js
Compiling build :dev to "resources/public/js/compiled/fermat.js" from ["src"]...
[36m----  Compiler Warning on   src/cljs/fermat/core.cljs   line:47  column:12  ----[0m

  [1mUse of undeclared Var fermat.core/b[0m

  [36m43[0m  [36m(defn modexp[0m
  [36m44[0m  [36m  "Computes the modular exponent of a mod m (i.e a^e mod m)"[0m
  [36m45[0m  [36m  [a e m][0m
  [36m46[0m  [36m  (defn- m* [p q] (mod (* p q) m))[0m
  [33m47[0m  [1m  (loop [b b, e e, x 1][0m
  [0m  [0m  [33m           ^--- Use of undeclared Var fermat.core/b[0m
  [36m48[0m  [36m    (if (zero? e)[0m
  [36m49[0m  [36m      x[0m
  [36m50[0m  [36m      (if (even? e)[0m
  [36m51[0m  [36m        (recur (m* b b) (/ e 2) x)[0m
  [36m52[0m  [36m        (recur (m* b b) (quot e 2) (m* b x))))))[0m

[36m----  Compiler Warning : Please see src/cljs/fermat/core.cljs  ----[0m
[32mSuccessfully compiled build :dev to "resources/public/js/compiled/fermat.js" in 0.529 seconds.[0m
notifying browser that file changed:  resources/public/js/compiled/out/goog/deps.js
notifying browser that file changed:  resources/public/js/compiled/out/cljs_deps.js
notifying browser that file changed:  resources/public/js/compiled/out/fermat/core.js
Compiling build :dev to "resources/public/js/compiled/fermat.js" from ["src"]...
[36m----  Compiler Warning on   src/cljs/fermat/core.cljs   line:47  column:12  ----[0m

  [1mUse of undeclared Var fermat.core/b[0m

  [36m43[0m  [36m(defn modexp[0m
  [36m44[0m  [36m  "Computes the modular exponent of a mod m (i.e a^e mod m)"[0m
  [36m45[0m  [36m  [a e m][0m
  [36m46[0m  [36m  (defn m* [p q] (mod (* p q) m))[0m
  [33m47[0m  [1m  (loop [b b, e e, x 1][0m
  [0m  [0m  [33m           ^--- Use of undeclared Var fermat.core/b[0m
  [36m48[0m  [36m    (if (zero? e)[0m
  [36m49[0m  [36m      x[0m
  [36m50[0m  [36m      (if (even? e)[0m
  [36m51[0m  [36m        (recur (m* b b) (/ e 2) x)[0m
  [36m52[0m  [36m        (recur (m* b b) (quot e 2) (m* b x))))))[0m

[36m----  Compiler Warning : Please see src/cljs/fermat/core.cljs  ----[0m
[32mSuccessfully compiled build :dev to "resources/public/js/compiled/fermat.js" in 0.478 seconds.[0m
notifying browser that file changed:  resources/public/js/compiled/out/fermat/core.js
Compiling build :dev to "resources/public/js/compiled/fermat.js" from ["src"]...
[32mSuccessfully compiled build :dev to "resources/public/js/compiled/fermat.js" in 0.472 seconds.[0m
notifying browser that file changed:  resources/public/js/compiled/out/fermat/core.js
Compiling build :dev to "resources/public/js/compiled/fermat.js" from ["src"]...
[32mSuccessfully compiled build :dev to "resources/public/js/compiled/fermat.js" in 0.44 seconds.[0m
notifying browser that file changed:  resources/public/js/compiled/out/fermat/core.js
Compiling build :dev to "resources/public/js/compiled/fermat.js" from ["src"]...
[32mSuccessfully compiled build :dev to "resources/public/js/compiled/fermat.js" in 0.423 seconds.[0m
notifying browser that file changed:  resources/public/js/compiled/out/fermat/core.js
Compiling build :dev to "resources/public/js/compiled/fermat.js" from ["src"]...
[32mSuccessfully compiled build :dev to "resources/public/js/compiled/fermat.js" in 0.419 seconds.[0m
notifying browser that file changed:  resources/public/js/compiled/out/fermat/core.js
Compiling build :dev to "resources/public/js/compiled/fermat.js" from ["src"]...
[32mSuccessfully compiled build :dev to "resources/public/js/compiled/fermat.js" in 0.417 seconds.[0m
notifying browser that file changed:  resources/public/js/compiled/out/fermat/core.js
Compiling build :dev to "resources/public/js/compiled/fermat.js" from ["src"]...
[32mSuccessfully compiled build :dev to "resources/public/js/compiled/fermat.js" in 0.444 seconds.[0m
notifying browser that file changed:  resources/public/js/compiled/out/fermat/core.js
Compiling build :dev to "resources/public/js/compiled/fermat.js" from ["src"]...
[32mSuccessfully compiled build :dev to "resources/public/js/compiled/fermat.js" in 0.443 seconds.[0m
notifying browser that file changed:  resources/public/js/compiled/out/fermat/core.js
Compiling build :dev to "resources/public/js/compiled/fermat.js" from ["src"]...
[31mFailed to compile build :dev from ["src"] in 0.238 seconds.[0m
[36m----  Could not Analyze  src/cljs/fermat/core.cljs   line:95  column:21  ----[0m

  [1mWrong number of args (1) passed to: core/for[0m

  [36m93[0m  [36m[n][0m
  [36m94[0m  [36m(let [km (find-k-m n)[0m
  [33m95[0m  [1m      a (rand-nth (for [x (range 2 (dec n))]))[0m
  [0m  [0m  [33m                  ^--- Wrong number of args (1) passed to: core/for[0m
  [36m96[0m  [36m      b0 (modexp a (nth km 1) n)][0m
  [36m97[0m  [36m  (if (or (= (mod b0 n) 1) (= (mod b0 n) (dec n)))[0m
  [36m98[0m  [36m    true[0m

[36m----  Analysis Error : Please see src/cljs/fermat/core.cljs  ----[0m
Compiling build :dev to "resources/public/js/compiled/fermat.js" from ["src"]...
[31mFailed to compile build :dev from ["src"] in 0.236 seconds.[0m
[36m----  Could not Analyze  src/cljs/fermat/core.cljs   line:101  column:9  ----[0m

  [1mcond requires an even number of forms[0m

  [36m 99[0m  [36m(loop [b (modexp b0 2 n)[0m
  [36m100[0m  [36m       cnt 1][0m
  [33m101[0m  [1m  (cond[0m
  [0m   [0m  [33m  ^--- cond requires an even number of forms[0m
  [36m102[0m  [36m    (= cnt (dec (nth km 0))) (= (mod b n) (dec n))[0m
  [36m103[0m  [36m    (= (mod b n) 1) false[0m
  [36m104[0m  [36m    (= (mod b n) (dec n) true)[0m

[36m----  Analysis Error : Please see src/cljs/fermat/core.cljs  ----[0m
Compiling build :dev to "resources/public/js/compiled/fermat.js" from ["src"]...
[31mFailed to compile build :dev from ["src"] in 0.229 seconds.[0m
[36m----  Could not Analyze  src/cljs/fermat/core.cljs   line:101  column:9  ----[0m

  [1mcond requires an even number of forms[0m

  [36m 99[0m  [36m(loop [b (modexp b0 2 n)[0m
  [36m100[0m  [36m       cnt 1][0m
  [33m101[0m  [1m  (cond[0m
  [0m   [0m  [33m  ^--- cond requires an even number of forms[0m
  [36m102[0m  [36m    (= cnt (dec (nth km 0))) (= (mod b n) (dec n))[0m
  [36m103[0m  [36m    (= (mod b n) 1) false[0m
  [36m104[0m  [36m    (= (mod b n) (dec n) true)[0m

[36m----  Analysis Error : Please see src/cljs/fermat/core.cljs  ----[0m
Compiling build :dev to "resources/public/js/compiled/fermat.js" from ["src"]...
[31mFailed to compile build :dev from ["src"] in 0.199 seconds.[0m
[36m----  Could not Analyze  src/cljs/fermat/core.cljs   line:105  column:17  ----[0m

  [1mrecur argument count mismatch at line 105 src/cljs/fermat/core.cljs[0m

  [36m103[0m  [36m(= (mod b n) 1) false[0m
  [36m104[0m  [36m(= (mod b n) (dec n)) true[0m
  [33m105[0m  [1m:else (recur b (modexp b 2 n) (inc cnt)))))))[0m
  [0m   [0m  [33m      ^--- recur argument count mismatch at line 105 src/cljs/fermat/core.cljs[0m

[36m----  Analysis Error : Please see src/cljs/fermat/core.cljs  ----[0m
Compiling build :dev to "resources/public/js/compiled/fermat.js" from ["src"]...
[31mFailed to compile build :dev from ["src"] in 0.229 seconds.[0m
[36m----  Could not Analyze  src/cljs/fermat/core.cljs   line:105  column:17  ----[0m

  [1mrecur argument count mismatch at line 105 src/cljs/fermat/core.cljs[0m

  [36m103[0m  [36m(= (mod b n) 1) false[0m
  [36m104[0m  [36m(= (mod b n) (dec n)) true[0m
  [33m105[0m  [1m:else (recur b (modexp b 2 n) (inc cnt)))))))[0m
  [0m   [0m  [33m      ^--- recur argument count mismatch at line 105 src/cljs/fermat/core.cljs[0m

[36m----  Analysis Error : Please see src/cljs/fermat/core.cljs  ----[0m
Compiling build :dev to "resources/public/js/compiled/fermat.js" from ["src"]...
[32mSuccessfully compiled build :dev to "resources/public/js/compiled/fermat.js" in 0.45 seconds.[0m
notifying browser that file changed:  resources/public/js/compiled/out/fermat/core.js
